<?xml version="1.0" encoding="UTF-8"?>
<!-- Generated by org.testng.reporters.JUnitReportReporter -->
<testsuite hostname="DESKTOP-77H310P" failures="0" tests="3" name="com.crm.Test_Cases.homePageTest" time="40.411" errors="0" timestamp="2022-03-25T19:33:39 SAST" skipped="0">
  <testcase classname="com.crm.Test_Cases.homePageTest" name="vrfyHomePageTitleTest" time="14.618"/>
  <system-out/>
  <testcase classname="com.crm.Test_Cases.homePageTest" name="vrfyLogoTest" time="13.375"/>
  <system-out/>
  <testcase classname="com.crm.Test_Cases.homePageTest" name="vrfyNewCustomerTest" time="12.418"/>
  <system-out/>
</testsuite> <!-- com.crm.Test_Cases.homePageTest -->
