<?xml version="1.0" encoding="UTF-8"?>
<!-- Generated by org.testng.reporters.JUnitReportReporter -->
<testsuite hostname="DESKTOP-77H310P" failures="0" tests="3" name="com.crm.Test_Cases.homePageTest" time="43.272" errors="0" timestamp="2022-03-25T23:17:43 CAT" skipped="0">
  <testcase classname="com.crm.Test_Cases.homePageTest" name="vrfyHomePageTitleTest" time="16.506"/>
  <system-out/>
  <testcase classname="com.crm.Test_Cases.homePageTest" name="vrfyLogoTest" time="13.297"/>
  <system-out/>
  <testcase classname="com.crm.Test_Cases.homePageTest" name="vrfyNewCustomerTest" time="13.469"/>
  <system-out/>
</testsuite> <!-- com.crm.Test_Cases.homePageTest -->
