<?xml version="1.0" encoding="UTF-8"?>
<!-- Generated by org.testng.reporters.JUnitReportReporter -->
<testsuite hostname="DESKTOP-77H310P" failures="0" tests="3" name="com.crm.Test_Cases.loginTest" time="35.960" errors="0" timestamp="2022-03-25T23:17:43 CAT" skipped="0">
  <testcase classname="com.crm.Test_Cases.loginTest" name="validatePageTitleTest" time="10.487"/>
  <system-out/>
  <testcase classname="com.crm.Test_Cases.loginTest" name="crmLogoTest" time="10.583"/>
  <system-out/>
  <testcase classname="com.crm.Test_Cases.loginTest" name="loginiTest" time="14.890"/>
  <system-out/>
</testsuite> <!-- com.crm.Test_Cases.loginTest -->
